modules/TestModule/build/intermediates/manifest_merge_blame_file/release/processReleaseMainManifest/manifest-merger-blame-release-report.txt
1<?xml version="1.0" encoding="utf-8"?>
2<manifest xmlns:android="http://schemas.android.com/apk/res/android"
3    package="com.wobbz.module.testmodule"
4    android:versionCode="1"
5    android:versionName="1.0.0" >
6
7    <uses-sdk
8        android:minSdkVersion="31"
9        android:targetSdkVersion="35" />
10
11    <!-- Permissions that might be needed by the module -->
12    <uses-permission android:name="android.permission.INTERNET" />
12-->src/main/AndroidManifest.xml:5:5-67
12-->src/main/AndroidManifest.xml:5:22-64
13
14    <application
14-->src/main/AndroidManifest.xml:7:5-39:19
15        android:allowBackup="true"
15-->src/main/AndroidManifest.xml:11:9-35
16        android:appComponentFactory="androidx.core.app.CoreComponentFactory"
16-->[androidx.core:core:1.8.0] AndroidManifest.xml:24:18-86
17        android:extractNativeLibs="false"
18        android:icon="@mipmap/ic_launcher"
18-->src/main/AndroidManifest.xml:9:9-43
19        android:label="@string/app_name"
19-->src/main/AndroidManifest.xml:8:9-41
20        android:theme="@android:style/Theme.DeviceDefault" >
20-->src/main/AndroidManifest.xml:10:9-59
21
22        <!-- Main launcher activity (optional - for modules that want a settings UI) -->
23        <activity
23-->src/main/AndroidManifest.xml:14:9-23:20
24            android:name="com.wobbz.module.testmodule.MainActivity"
24-->src/main/AndroidManifest.xml:15:13-41
25            android:exported="true"
25-->src/main/AndroidManifest.xml:16:13-36
26            android:label="@string/app_name"
26-->src/main/AndroidManifest.xml:17:13-45
27            android:theme="@android:style/Theme.DeviceDefault.Settings" >
27-->src/main/AndroidManifest.xml:18:13-72
28            <intent-filter>
28-->src/main/AndroidManifest.xml:19:13-22:29
29                <action android:name="android.intent.action.MAIN" />
29-->src/main/AndroidManifest.xml:20:17-69
29-->src/main/AndroidManifest.xml:20:25-66
30
31                <category android:name="android.intent.category.LAUNCHER" />
31-->src/main/AndroidManifest.xml:21:17-77
31-->src/main/AndroidManifest.xml:21:27-74
32            </intent-filter>
33        </activity>
34
35        <!-- LSPosed module metadata -->
36        <meta-data
36-->src/main/AndroidManifest.xml:26:9-28:36
37            android:name="xposedmodule"
37-->src/main/AndroidManifest.xml:27:13-40
38            android:value="true" />
38-->src/main/AndroidManifest.xml:28:13-33
39        <meta-data
39-->src/main/AndroidManifest.xml:29:9-31:73
40            android:name="xposeddescription"
40-->src/main/AndroidManifest.xml:30:13-45
41            android:value="Test module for standalone APK generation" />
41-->src/main/AndroidManifest.xml:31:13-70
42        <meta-data
42-->src/main/AndroidManifest.xml:32:9-34:34
43            android:name="xposedminversion"
43-->src/main/AndroidManifest.xml:33:13-44
44            android:value="93" />
44-->src/main/AndroidManifest.xml:34:13-31
45        <meta-data
45-->src/main/AndroidManifest.xml:35:9-37:54
46            android:name="xposedscope"
46-->src/main/AndroidManifest.xml:36:13-39
47            android:resource="@array/xposed_scope" />
47-->src/main/AndroidManifest.xml:37:13-51
48
49        <uses-library
49-->[androidx.window:window:1.0.0] AndroidManifest.xml:25:9-27:40
50            android:name="androidx.window.extensions"
50-->[androidx.window:window:1.0.0] AndroidManifest.xml:26:13-54
51            android:required="false" />
51-->[androidx.window:window:1.0.0] AndroidManifest.xml:27:13-37
52        <uses-library
52-->[androidx.window:window:1.0.0] AndroidManifest.xml:28:9-30:40
53            android:name="androidx.window.sidecar"
53-->[androidx.window:window:1.0.0] AndroidManifest.xml:29:13-51
54            android:required="false" />
54-->[androidx.window:window:1.0.0] AndroidManifest.xml:30:13-37
55    </application>
56
57</manifest>